<?xml version="1.0" encoding="UTF-8"?>
<!-- Generated by org.testng.reporters.JUnitXMLReporter -->
<testsuite ignored="0" hostname="MSI" failures="0" tests="6" name="Test" time="24.909" errors="0" timestamp="02 Aug 2022 18:06:11 GMT">
  <testcase classname="com.crm.qa.testcases.HomePageTest" name="homepageTitleTest" time="5.006"/>
  <testcase classname="com.crm.qa.testcases.LoginPageTest" name="titleTest" time="0.003"/>
  <testcase classname="com.crm.qa.testcases.HomePageTest" name="verifyUserNameTest" time="3.241"/>
  <testcase classname="com.crm.qa.testcases.LoginPageTest" name="fbLogoTest" time="0.033"/>
  <testcase classname="com.crm.qa.testcases.HomePageTest" name="contactTextTest" time="5.656"/>
  <testcase classname="com.crm.qa.testcases.LoginPageTest" name="LoginTest" time="0.151"/>
</testsuite> <!-- Test -->
