<?xml version="1.0" encoding="UTF-8"?>
<!-- Generated by org.testng.reporters.JUnitXMLReporter -->
<testsuite ignored="2" hostname="MSI" failures="0" tests="1" name="Default test" time="8.251" errors="0" timestamp="02 Aug 2022 16:15:42 GMT">
  <testcase classname="com.crm.qa.testcases.HomePageTest" name="contactTextTest" time="5.208"/>
  <testcase classname="com.crm.qa.testcases.HomePageTest" name="verifyUserNameTest" time="0.0">
    <ignored/>
  </testcase> <!-- verifyUserNameTest -->
  <testcase classname="com.crm.qa.testcases.HomePageTest" name="homepageTitleTest" time="0.0">
    <ignored/>
  </testcase> <!-- homepageTitleTest -->
</testsuite> <!-- Default test -->
