<?xml version="1.0" encoding="UTF-8"?>
<!-- Generated by org.testng.reporters.JUnitXMLReporter -->
<testsuite ignored="0" hostname="MSI" failures="0" tests="3" name="Test" time="8.389" errors="0" timestamp="02 Aug 2022 18:00:57 GMT">
  <testcase classname="com.crm.qa.testcases.LoginPageTest" name="titleTest" time="0.006"/>
  <testcase classname="com.crm.qa.testcases.LoginPageTest" name="fbLogoTest" time="0.038"/>
  <testcase classname="com.crm.qa.testcases.LoginPageTest" name="LoginTest" time="0.157"/>
</testsuite> <!-- Test -->
