<?xml version="1.0" encoding="UTF-8"?>
<testng-results ignored="0" total="2" passed="2" failed="0" skipped="0">
  <reporter-output>
  </reporter-output>
  <suite started-at="2022-08-02T16:54:18Z" name="Surefire suite" finished-at="2022-08-02T16:54:29Z" duration-ms="11377">
    <groups>
    </groups>
    <test started-at="2022-08-02T16:54:18Z" name="Surefire test" finished-at="2022-08-02T16:54:29Z" duration-ms="11377">
      <class name="com.crm.qa.testcases.HomePageTest">
        <test-method is-config="true" signature="setUp()[pri:0, instance:com.crm.qa.testcases.HomePageTest@5123a213]" started-at="2022-08-02T16:54:22Z" name="setUp" finished-at="2022-08-02T16:54:24Z" duration-ms="1983" status="PASS">
          <reporter-output>
          </reporter-output>
        </test-method> <!-- setUp -->
        <test-method signature="homepageTitleTest()[pri:1, instance:com.crm.qa.testcases.HomePageTest@5123a213]" started-at="2022-08-02T16:54:24Z" name="homepageTitleTest" finished-at="2022-08-02T16:54:29Z" duration-ms="5349" status="PASS">
          <reporter-output>
          </reporter-output>
        </test-method> <!-- homepageTitleTest -->
        <test-method is-config="true" signature="teardown()[pri:0, instance:com.crm.qa.testcases.HomePageTest@5123a213]" started-at="2022-08-02T16:54:29Z" name="teardown" finished-at="2022-08-02T16:54:29Z" duration-ms="69" status="PASS">
          <reporter-output>
          </reporter-output>
        </test-method> <!-- teardown -->
      </class> <!-- com.crm.qa.testcases.HomePageTest -->
      <class name="com.crm.qa.testcases.SignupPageTest">
        <test-method is-config="true" signature="setUp()[pri:0, instance:com.crm.qa.testcases.SignupPageTest@3b94d659]" started-at="2022-08-02T16:54:18Z" name="setUp" finished-at="2022-08-02T16:54:20Z" duration-ms="2858" status="PASS">
          <reporter-output>
          </reporter-output>
        </test-method> <!-- setUp -->
        <test-method signature="signUpTest()[pri:0, instance:com.crm.qa.testcases.SignupPageTest@3b94d659]" started-at="2022-08-02T16:54:20Z" name="signUpTest" finished-at="2022-08-02T16:54:22Z" duration-ms="1033" status="PASS">
          <reporter-output>
          </reporter-output>
        </test-method> <!-- signUpTest -->
        <test-method is-config="true" signature="teardown()[pri:0, instance:com.crm.qa.testcases.SignupPageTest@3b94d659]" started-at="2022-08-02T16:54:22Z" name="teardown" finished-at="2022-08-02T16:54:22Z" duration-ms="68" status="PASS">
          <reporter-output>
          </reporter-output>
        </test-method> <!-- teardown -->
      </class> <!-- com.crm.qa.testcases.SignupPageTest -->
    </test> <!-- Surefire test -->
  </suite> <!-- Surefire suite -->
</testng-results>
