<?xml version="1.0" encoding="UTF-8"?>
<testng-results ignored="0" total="6" passed="6" failed="0" skipped="0">
  <reporter-output>
  </reporter-output>
  <suite started-at="2022-08-02T18:05:46Z" name="Regression" finished-at="2022-08-02T18:06:11Z" duration-ms="24909">
    <groups>
    </groups>
    <test started-at="2022-08-02T18:05:46Z" name="Test" finished-at="2022-08-02T18:06:11Z" duration-ms="24909">
      <class name="com.crm.qa.testcases.HomePageTest">
        <test-method is-config="true" signature="setUp()[pri:0, instance:com.crm.qa.testcases.HomePageTest@229c6181]" started-at="2022-08-02T18:05:46Z" name="setUp" finished-at="2022-08-02T18:05:48Z" duration-ms="2090" status="PASS">
          <reporter-output>
          </reporter-output>
        </test-method> <!-- setUp -->
        <test-method signature="homepageTitleTest()[pri:1, instance:com.crm.qa.testcases.HomePageTest@229c6181]" started-at="2022-08-02T18:05:48Z" name="homepageTitleTest" finished-at="2022-08-02T18:05:53Z" duration-ms="5006" status="PASS">
          <reporter-output>
          </reporter-output>
        </test-method> <!-- homepageTitleTest -->
        <test-method is-config="true" signature="teardown()[pri:0, instance:com.crm.qa.testcases.HomePageTest@229c6181]" started-at="2022-08-02T18:05:53Z" name="teardown" finished-at="2022-08-02T18:05:53Z" duration-ms="83" status="PASS">
          <reporter-output>
          </reporter-output>
        </test-method> <!-- teardown -->
        <test-method is-config="true" signature="setUp()[pri:0, instance:com.crm.qa.testcases.HomePageTest@229c6181]" started-at="2022-08-02T18:05:55Z" name="setUp" finished-at="2022-08-02T18:05:57Z" duration-ms="1756" status="PASS">
          <reporter-output>
          </reporter-output>
        </test-method> <!-- setUp -->
        <test-method signature="verifyUserNameTest()[pri:2, instance:com.crm.qa.testcases.HomePageTest@229c6181]" started-at="2022-08-02T18:05:57Z" name="verifyUserNameTest" finished-at="2022-08-02T18:06:00Z" duration-ms="3241" status="PASS">
          <reporter-output>
          </reporter-output>
        </test-method> <!-- verifyUserNameTest -->
        <test-method is-config="true" signature="teardown()[pri:0, instance:com.crm.qa.testcases.HomePageTest@229c6181]" started-at="2022-08-02T18:06:00Z" name="teardown" finished-at="2022-08-02T18:06:00Z" duration-ms="68" status="PASS">
          <reporter-output>
          </reporter-output>
        </test-method> <!-- teardown -->
        <test-method is-config="true" signature="setUp()[pri:0, instance:com.crm.qa.testcases.HomePageTest@229c6181]" started-at="2022-08-02T18:06:02Z" name="setUp" finished-at="2022-08-02T18:06:03Z" duration-ms="1806" status="PASS">
          <reporter-output>
          </reporter-output>
        </test-method> <!-- setUp -->
        <test-method signature="contactTextTest()[pri:3, instance:com.crm.qa.testcases.HomePageTest@229c6181]" started-at="2022-08-02T18:06:03Z" name="contactTextTest" finished-at="2022-08-02T18:06:09Z" duration-ms="5656" status="PASS">
          <reporter-output>
          </reporter-output>
        </test-method> <!-- contactTextTest -->
        <test-method is-config="true" signature="teardown()[pri:0, instance:com.crm.qa.testcases.HomePageTest@229c6181]" started-at="2022-08-02T18:06:09Z" name="teardown" finished-at="2022-08-02T18:06:09Z" duration-ms="88" status="PASS">
          <reporter-output>
          </reporter-output>
        </test-method> <!-- teardown -->
      </class> <!-- com.crm.qa.testcases.HomePageTest -->
      <class name="com.crm.qa.testcases.LoginPageTest">
        <test-method is-config="true" signature="setUp()[pri:0, instance:com.crm.qa.testcases.LoginPageTest@4686afc2]" started-at="2022-08-02T18:05:53Z" name="setUp" finished-at="2022-08-02T18:05:55Z" duration-ms="1603" status="PASS">
          <reporter-output>
          </reporter-output>
        </test-method> <!-- setUp -->
        <test-method signature="titleTest()[pri:1, instance:com.crm.qa.testcases.LoginPageTest@4686afc2]" started-at="2022-08-02T18:05:55Z" name="titleTest" finished-at="2022-08-02T18:05:55Z" duration-ms="3" status="PASS">
          <reporter-output>
          </reporter-output>
        </test-method> <!-- titleTest -->
        <test-method is-config="true" signature="teardown()[pri:0, instance:com.crm.qa.testcases.LoginPageTest@4686afc2]" started-at="2022-08-02T18:05:55Z" name="teardown" finished-at="2022-08-02T18:05:55Z" duration-ms="67" status="PASS">
          <reporter-output>
          </reporter-output>
        </test-method> <!-- teardown -->
        <test-method is-config="true" signature="setUp()[pri:0, instance:com.crm.qa.testcases.LoginPageTest@4686afc2]" started-at="2022-08-02T18:06:00Z" name="setUp" finished-at="2022-08-02T18:06:02Z" duration-ms="1530" status="PASS">
          <reporter-output>
          </reporter-output>
        </test-method> <!-- setUp -->
        <test-method signature="fbLogoTest()[pri:2, instance:com.crm.qa.testcases.LoginPageTest@4686afc2]" started-at="2022-08-02T18:06:02Z" name="fbLogoTest" finished-at="2022-08-02T18:06:02Z" duration-ms="33" status="PASS">
          <reporter-output>
          </reporter-output>
        </test-method> <!-- fbLogoTest -->
        <test-method is-config="true" signature="teardown()[pri:0, instance:com.crm.qa.testcases.LoginPageTest@4686afc2]" started-at="2022-08-02T18:06:02Z" name="teardown" finished-at="2022-08-02T18:06:02Z" duration-ms="72" status="PASS">
          <reporter-output>
          </reporter-output>
        </test-method> <!-- teardown -->
        <test-method is-config="true" signature="setUp()[pri:0, instance:com.crm.qa.testcases.LoginPageTest@4686afc2]" started-at="2022-08-02T18:06:09Z" name="setUp" finished-at="2022-08-02T18:06:11Z" duration-ms="1580" status="PASS">
          <reporter-output>
          </reporter-output>
        </test-method> <!-- setUp -->
        <test-method signature="LoginTest()[pri:3, instance:com.crm.qa.testcases.LoginPageTest@4686afc2]" started-at="2022-08-02T18:06:11Z" name="LoginTest" finished-at="2022-08-02T18:06:11Z" duration-ms="151" status="PASS">
          <reporter-output>
          </reporter-output>
        </test-method> <!-- LoginTest -->
        <test-method is-config="true" signature="teardown()[pri:0, instance:com.crm.qa.testcases.LoginPageTest@4686afc2]" started-at="2022-08-02T18:06:11Z" name="teardown" finished-at="2022-08-02T18:06:11Z" duration-ms="73" status="PASS">
          <reporter-output>
          </reporter-output>
        </test-method> <!-- teardown -->
      </class> <!-- com.crm.qa.testcases.LoginPageTest -->
    </test> <!-- Test -->
  </suite> <!-- Regression -->
</testng-results>
