<?xml version="1.0" encoding="UTF-8"?>
<testsuite xmlns:xsi="http://www.w3.org/2001/XMLSchema-instance" xsi:noNamespaceSchemaLocation="https://maven.apache.org/surefire/maven-surefire-plugin/xsd/surefire-test-report.xsd" name="TestSuite" time="25.469" tests="6" errors="0" skipped="0" failures="0">
  <properties>
[...]
</properties>
  <testcase name="homepageTitleTest" classname="com.crm.qa.testcases.HomePageTest" time="5.006"/>
  <testcase name="titleTest" classname="com.crm.qa.testcases.LoginPageTest" time="0.004"/>
  <testcase name="verifyUserNameTest" classname="com.crm.qa.testcases.HomePageTest" time="3.242"/>
  <testcase name="fbLogoTest" classname="com.crm.qa.testcases.LoginPageTest" time="0.033"/>
  <testcase name="contactTextTest" classname="com.crm.qa.testcases.HomePageTest" time="5.656"/>
  <testcase name="LoginTest" classname="com.crm.qa.testcases.LoginPageTest" time="0.152"/>
</testsuite>