<?xml version="1.0" encoding="UTF-8"?>
<testng-results ignored="2" total="3" passed="1" failed="0" skipped="0">
  <reporter-output>
  </reporter-output>
  <suite started-at="2022-08-02T16:15:34Z" name="Default suite" finished-at="2022-08-02T16:15:42Z" duration-ms="8251">
    <groups>
    </groups>
    <test started-at="2022-08-02T16:15:34Z" name="Default test" finished-at="2022-08-02T16:15:42Z" duration-ms="8251">
      <class name="com.crm.qa.testcases.HomePageTest">
        <test-method is-config="true" signature="setUp()[pri:0, instance:com.crm.qa.testcases.HomePageTest@35399441]" started-at="2022-08-02T16:15:34Z" name="setUp" finished-at="2022-08-02T16:15:36Z" duration-ms="2420" status="PASS">
          <reporter-output>
          </reporter-output>
        </test-method> <!-- setUp -->
        <test-method signature="contactTextTest()[pri:3, instance:com.crm.qa.testcases.HomePageTest@35399441]" started-at="2022-08-02T16:15:36Z" name="contactTextTest" finished-at="2022-08-02T16:15:41Z" duration-ms="5208" status="PASS">
          <reporter-output>
          </reporter-output>
        </test-method> <!-- contactTextTest -->
        <test-method is-config="true" signature="teardown()[pri:0, instance:com.crm.qa.testcases.HomePageTest@35399441]" started-at="2022-08-02T16:15:41Z" name="teardown" finished-at="2022-08-02T16:15:42Z" duration-ms="611" status="PASS">
          <reporter-output>
          </reporter-output>
        </test-method> <!-- teardown -->
      </class> <!-- com.crm.qa.testcases.HomePageTest -->
    </test> <!-- Default test -->
  </suite> <!-- Default suite -->
</testng-results>
