<?xml version="1.0" encoding="UTF-8"?>
<!-- Generated by org.testng.reporters.JUnitXMLReporter -->
<testsuite ignored="0" hostname="MSI" failures="0" tests="3" name="Test" time="18.687" errors="0" timestamp="02 Aug 2022 02:03:18 GMT">
  <testcase classname="com.crm.qa.testcases.LoginPageTest" name="titleTest" time="0.018"/>
  <testcase classname="com.crm.qa.testcases.LoginPageTest" name="fbLogoTest" time="0.107"/>
  <testcase classname="com.crm.qa.testcases.LoginPageTest" name="LoginTest" time="0.26"/>
</testsuite> <!-- Test -->
